2022-10-31 18:27:31 [::1][-][c49ucfq1buqg6tg17ib3u2olfr][error][yii\base\UnknownPropertyException] yii\base\UnknownPropertyException: Getting unknown property: app\models\LoginForm::Email in C:\xampp\htdocs\Doa-\basic\vendor\yiisoft\yii2\base\Component.php:154
Stack trace:
#0 C:\xampp\htdocs\Doa-\basic\vendor\yiisoft\yii2\helpers\BaseHtml.php(2256): yii\base\Component->__get('Email')
#1 C:\xampp\htdocs\Doa-\basic\vendor\yiisoft\yii2\helpers\BaseHtml.php(1370): yii\helpers\BaseHtml::getAttributeValue(Object(app\models\LoginForm), 'Email')
#2 C:\xampp\htdocs\Doa-\basic\vendor\yiisoft\yii2\helpers\BaseHtml.php(1426): yii\helpers\BaseHtml::activeInput('text', Object(app\models\LoginForm), 'Email', Array)
#3 C:\xampp\htdocs\Doa-\basic\vendor\yiisoft\yii2\widgets\ActiveField.php(407): yii\helpers\BaseHtml::activeTextInput(Object(app\models\LoginForm), 'Email', Array)
#4 C:\xampp\htdocs\Doa-\basic\views\site\login.php(29): yii\widgets\ActiveField->textInput(Array)
#5 C:\xampp\htdocs\Doa-\basic\vendor\yiisoft\yii2\base\View.php(347): require('C:\\xampp\\htdocs...')
#6 C:\xampp\htdocs\Doa-\basic\vendor\yiisoft\yii2\base\View.php(257): yii\base\View->renderPhpFile('C:\\xampp\\htdocs...', Array)
#7 C:\xampp\htdocs\Doa-\basic\vendor\yiisoft\yii2\base\View.php(156): yii\base\View->renderFile('C:\\xampp\\htdocs...', Array, Object(app\controllers\SiteController))
#8 C:\xampp\htdocs\Doa-\basic\vendor\yiisoft\yii2\base\Controller.php(407): yii\base\View->render('login', Array, Object(app\controllers\SiteController))
#9 C:\xampp\htdocs\Doa-\basic\controllers\SiteController.php(85): yii\base\Controller->render('login', Array)
#10 [internal function]: app\controllers\SiteController->actionLogin()
#11 C:\xampp\htdocs\Doa-\basic\vendor\yiisoft\yii2\base\InlineAction.php(57): call_user_func_array(Array, Array)
#12 C:\xampp\htdocs\Doa-\basic\vendor\yiisoft\yii2\base\Controller.php(178): yii\base\InlineAction->runWithParams(Array)
#13 C:\xampp\htdocs\Doa-\basic\vendor\yiisoft\yii2\base\Module.php(552): yii\base\Controller->runAction('login', Array)
#14 C:\xampp\htdocs\Doa-\basic\vendor\yiisoft\yii2\web\Application.php(103): yii\base\Module->runAction('site/login', Array)
#15 C:\xampp\htdocs\Doa-\basic\vendor\yiisoft\yii2\base\Application.php(384): yii\web\Application->handleRequest(Object(yii\web\Request))
#16 C:\xampp\htdocs\Doa-\basic\web\index.php(12): yii\base\Application->run()
#17 {main}
2022-10-31 18:27:31 [::1][-][c49ucfq1buqg6tg17ib3u2olfr][info][application] $_GET = [
    'r' => 'site/login'
]

$_POST = []

$_FILES = []

$_COOKIE = [
    'PHPSESSID' => 'c49ucfq1buqg6tg17ib3u2olfr'
    '_csrf' => '7960940718821c4b1c2f0ef3eaf1b8e361cf291f3a0018e08c8d58ae2e302603a:2:{i:0;s:5:\"_csrf\";i:1;s:32:\"HiI41CG8bstpeGxxXHjtdi9ADtCpBs87\";}'
]

$_SESSION = [
    '__flash' => []
]

$_SERVER = [
    'MIBDIRS' => 'C:/xampp/php/extras/mibs'
    'MYSQL_HOME' => '\\xampp\\mysql\\bin'
    'OPENSSL_CONF' => 'C:/xampp/apache/bin/openssl.cnf'
    'PHP_PEAR_SYSCONF_DIR' => '\\xampp\\php'
    'PHPRC' => '\\xampp\\php'
    'TMP' => '\\xampp\\tmp'
    'HTTP_HOST' => 'localhost'
    'HTTP_CONNECTION' => 'keep-alive'
    'HTTP_CACHE_CONTROL' => 'max-age=0'
    'HTTP_SEC_CH_UA' => '\"Chromium\";v=\"104\", \" Not A;Brand\";v=\"99\", \"Google Chrome\";v=\"104\"'
    'HTTP_SEC_CH_UA_MOBILE' => '?0'
    'HTTP_SEC_CH_UA_PLATFORM' => '\"Windows\"'
    'HTTP_UPGRADE_INSECURE_REQUESTS' => '1'
    'HTTP_USER_AGENT' => 'Mozilla/5.0 (Windows NT 6.1; Win64; x64) AppleWebKit/537.36 (KHTML, like Gecko) Chrome/104.0.0.0 Safari/537.36'
    'HTTP_ACCEPT' => 'text/html,application/xhtml+xml,application/xml;q=0.9,image/avif,image/webp,image/apng,*/*;q=0.8,application/signed-exchange;v=b3;q=0.9'
    'HTTP_SEC_FETCH_SITE' => 'same-origin'
    'HTTP_SEC_FETCH_MODE' => 'navigate'
    'HTTP_SEC_FETCH_USER' => '?1'
    'HTTP_SEC_FETCH_DEST' => 'document'
    'HTTP_REFERER' => 'http://localhost/doa-/basic/web/'
    'HTTP_ACCEPT_ENCODING' => 'gzip, deflate, br'
    'HTTP_ACCEPT_LANGUAGE' => 'pt-BR,pt;q=0.9,en-US;q=0.8,en;q=0.7'
    'HTTP_COOKIE' => 'PHPSESSID=c49ucfq1buqg6tg17ib3u2olfr; _csrf=7960940718821c4b1c2f0ef3eaf1b8e361cf291f3a0018e08c8d58ae2e302603a%3A2%3A%7Bi%3A0%3Bs%3A5%3A%22_csrf%22%3Bi%3A1%3Bs%3A32%3A%22HiI41CG8bstpeGxxXHjtdi9ADtCpBs87%22%3B%7D'
    'PATH' => 'C:\\Program Files (x86)\\NVIDIA Corporation\\PhysX\\Common;C:\\Program Files\\Common Files\\Oracle\\Java\\javapath;C:\\Program Files (x86)\\Common Files\\Oracle\\Java\\javapath;C:\\Windows\\system32;C:\\Windows;C:\\Windows\\System32\\Wbem;C:\\Windows\\System32\\WindowsPowerShell\\v1.0\\;C:\\Program Files (x86)\\ATI Technologies\\ATI.ACE\\Core-Static;C:\\Program Files\\Microchip\\xc8\\v2.31\\bin;C:\\xampp\\php;C:\\composer;C:\\ProgramData\\UNIVALI\\Portugol Studio;C:\\Program Files\\Git\\cmd;;C:\\Users\\ADM\\AppData\\Local\\Programs\\Microsoft VS Code\\bin;C:\\Users\\ADM\\AppData\\Roaming\\Composer\\vendor\\bin'
    'SystemRoot' => 'C:\\Windows'
    'COMSPEC' => 'C:\\Windows\\system32\\cmd.exe'
    'PATHEXT' => '.COM;.EXE;.BAT;.CMD;.VBS;.VBE;.JS;.JSE;.WSF;.WSH;.MSC'
    'WINDIR' => 'C:\\Windows'
    'SERVER_SIGNATURE' => '<address>Apache/2.4.52 (Win64) OpenSSL/1.1.1m PHP/8.1.1 Server at localhost Port 80</address>
'
    'SERVER_SOFTWARE' => 'Apache/2.4.52 (Win64) OpenSSL/1.1.1m PHP/8.1.1'
    'SERVER_NAME' => 'localhost'
    'SERVER_ADDR' => '::1'
    'SERVER_PORT' => '80'
    'REMOTE_ADDR' => '::1'
    'DOCUMENT_ROOT' => 'C:/xampp/htdocs'
    'REQUEST_SCHEME' => 'http'
    'CONTEXT_PREFIX' => ''
    'CONTEXT_DOCUMENT_ROOT' => 'C:/xampp/htdocs'
    'SERVER_ADMIN' => 'postmaster@localhost'
    'SCRIPT_FILENAME' => 'C:/xampp/htdocs/Doa-/basic/web/index.php'
    'REMOTE_PORT' => '49941'
    'GATEWAY_INTERFACE' => 'CGI/1.1'
    'SERVER_PROTOCOL' => 'HTTP/1.1'
    'REQUEST_METHOD' => 'GET'
    'QUERY_STRING' => 'r=site%2Flogin'
    'REQUEST_URI' => '/doa-/basic/web/index.php?r=site%2Flogin'
    'SCRIPT_NAME' => '/doa-/basic/web/index.php'
    'PHP_SELF' => '/doa-/basic/web/index.php'
    'REQUEST_TIME_FLOAT' => 1667237251.5752
    'REQUEST_TIME' => 1667237251
]
2022-10-31 18:28:11 [::1][-][c49ucfq1buqg6tg17ib3u2olfr][error][yii\base\InvalidArgumentException] yii\base\InvalidArgumentException: Attribute name must contain word characters only. in C:\xampp\htdocs\Doa-\basic\vendor\yiisoft\yii2\helpers\BaseHtml.php:2233
Stack trace:
#0 C:\xampp\htdocs\Doa-\basic\vendor\yiisoft\yii2\widgets\ActiveField.php(962): yii\helpers\BaseHtml::getAttributeName('Lembrar de mim')
#1 C:\xampp\htdocs\Doa-\basic\vendor\yiisoft\yii2\widgets\ActiveField.php(601): yii\widgets\ActiveField->addErrorClassIfNeeded(Array)
#2 C:\xampp\htdocs\Doa-\basic\vendor\yiisoft\yii2-bootstrap5\src\ActiveField.php(304): yii\widgets\ActiveField->checkbox(Array, false)
#3 C:\xampp\htdocs\Doa-\basic\views\site\login.php(40): yii\bootstrap5\ActiveField->checkbox(Array)
#4 C:\xampp\htdocs\Doa-\basic\vendor\yiisoft\yii2\base\View.php(347): require('C:\\xampp\\htdocs...')
#5 C:\xampp\htdocs\Doa-\basic\vendor\yiisoft\yii2\base\View.php(257): yii\base\View->renderPhpFile('C:\\xampp\\htdocs...', Array)
#6 C:\xampp\htdocs\Doa-\basic\vendor\yiisoft\yii2\base\View.php(156): yii\base\View->renderFile('C:\\xampp\\htdocs...', Array, Object(app\controllers\SiteController))
#7 C:\xampp\htdocs\Doa-\basic\vendor\yiisoft\yii2\base\Controller.php(407): yii\base\View->render('login', Array, Object(app\controllers\SiteController))
#8 C:\xampp\htdocs\Doa-\basic\controllers\SiteController.php(85): yii\base\Controller->render('login', Array)
#9 [internal function]: app\controllers\SiteController->actionLogin()
#10 C:\xampp\htdocs\Doa-\basic\vendor\yiisoft\yii2\base\InlineAction.php(57): call_user_func_array(Array, Array)
#11 C:\xampp\htdocs\Doa-\basic\vendor\yiisoft\yii2\base\Controller.php(178): yii\base\InlineAction->runWithParams(Array)
#12 C:\xampp\htdocs\Doa-\basic\vendor\yiisoft\yii2\base\Module.php(552): yii\base\Controller->runAction('login', Array)
#13 C:\xampp\htdocs\Doa-\basic\vendor\yiisoft\yii2\web\Application.php(103): yii\base\Module->runAction('site/login', Array)
#14 C:\xampp\htdocs\Doa-\basic\vendor\yiisoft\yii2\base\Application.php(384): yii\web\Application->handleRequest(Object(yii\web\Request))
#15 C:\xampp\htdocs\Doa-\basic\web\index.php(12): yii\base\Application->run()
#16 {main}
2022-10-31 18:28:11 [::1][-][c49ucfq1buqg6tg17ib3u2olfr][info][application] $_GET = [
    'r' => 'site/login'
]

$_POST = []

$_FILES = []

$_COOKIE = [
    'PHPSESSID' => 'c49ucfq1buqg6tg17ib3u2olfr'
    '_csrf' => '7960940718821c4b1c2f0ef3eaf1b8e361cf291f3a0018e08c8d58ae2e302603a:2:{i:0;s:5:\"_csrf\";i:1;s:32:\"HiI41CG8bstpeGxxXHjtdi9ADtCpBs87\";}'
]

$_SESSION = [
    '__flash' => []
]

$_SERVER = [
    'MIBDIRS' => 'C:/xampp/php/extras/mibs'
    'MYSQL_HOME' => '\\xampp\\mysql\\bin'
    'OPENSSL_CONF' => 'C:/xampp/apache/bin/openssl.cnf'
    'PHP_PEAR_SYSCONF_DIR' => '\\xampp\\php'
    'PHPRC' => '\\xampp\\php'
    'TMP' => '\\xampp\\tmp'
    'HTTP_HOST' => 'localhost'
    'HTTP_CONNECTION' => 'keep-alive'
    'HTTP_CACHE_CONTROL' => 'max-age=0'
    'HTTP_SEC_CH_UA' => '\"Chromium\";v=\"104\", \" Not A;Brand\";v=\"99\", \"Google Chrome\";v=\"104\"'
    'HTTP_SEC_CH_UA_MOBILE' => '?0'
    'HTTP_SEC_CH_UA_PLATFORM' => '\"Windows\"'
    'HTTP_UPGRADE_INSECURE_REQUESTS' => '1'
    'HTTP_USER_AGENT' => 'Mozilla/5.0 (Windows NT 6.1; Win64; x64) AppleWebKit/537.36 (KHTML, like Gecko) Chrome/104.0.0.0 Safari/537.36'
    'HTTP_ACCEPT' => 'text/html,application/xhtml+xml,application/xml;q=0.9,image/avif,image/webp,image/apng,*/*;q=0.8,application/signed-exchange;v=b3;q=0.9'
    'HTTP_SEC_FETCH_SITE' => 'same-origin'
    'HTTP_SEC_FETCH_MODE' => 'navigate'
    'HTTP_SEC_FETCH_USER' => '?1'
    'HTTP_SEC_FETCH_DEST' => 'document'
    'HTTP_REFERER' => 'http://localhost/doa-/basic/web/'
    'HTTP_ACCEPT_ENCODING' => 'gzip, deflate, br'
    'HTTP_ACCEPT_LANGUAGE' => 'pt-BR,pt;q=0.9,en-US;q=0.8,en;q=0.7'
    'HTTP_COOKIE' => 'PHPSESSID=c49ucfq1buqg6tg17ib3u2olfr; _csrf=7960940718821c4b1c2f0ef3eaf1b8e361cf291f3a0018e08c8d58ae2e302603a%3A2%3A%7Bi%3A0%3Bs%3A5%3A%22_csrf%22%3Bi%3A1%3Bs%3A32%3A%22HiI41CG8bstpeGxxXHjtdi9ADtCpBs87%22%3B%7D'
    'PATH' => 'C:\\Program Files (x86)\\NVIDIA Corporation\\PhysX\\Common;C:\\Program Files\\Common Files\\Oracle\\Java\\javapath;C:\\Program Files (x86)\\Common Files\\Oracle\\Java\\javapath;C:\\Windows\\system32;C:\\Windows;C:\\Windows\\System32\\Wbem;C:\\Windows\\System32\\WindowsPowerShell\\v1.0\\;C:\\Program Files (x86)\\ATI Technologies\\ATI.ACE\\Core-Static;C:\\Program Files\\Microchip\\xc8\\v2.31\\bin;C:\\xampp\\php;C:\\composer;C:\\ProgramData\\UNIVALI\\Portugol Studio;C:\\Program Files\\Git\\cmd;;C:\\Users\\ADM\\AppData\\Local\\Programs\\Microsoft VS Code\\bin;C:\\Users\\ADM\\AppData\\Roaming\\Composer\\vendor\\bin'
    'SystemRoot' => 'C:\\Windows'
    'COMSPEC' => 'C:\\Windows\\system32\\cmd.exe'
    'PATHEXT' => '.COM;.EXE;.BAT;.CMD;.VBS;.VBE;.JS;.JSE;.WSF;.WSH;.MSC'
    'WINDIR' => 'C:\\Windows'
    'SERVER_SIGNATURE' => '<address>Apache/2.4.52 (Win64) OpenSSL/1.1.1m PHP/8.1.1 Server at localhost Port 80</address>
'
    'SERVER_SOFTWARE' => 'Apache/2.4.52 (Win64) OpenSSL/1.1.1m PHP/8.1.1'
    'SERVER_NAME' => 'localhost'
    'SERVER_ADDR' => '::1'
    'SERVER_PORT' => '80'
    'REMOTE_ADDR' => '::1'
    'DOCUMENT_ROOT' => 'C:/xampp/htdocs'
    'REQUEST_SCHEME' => 'http'
    'CONTEXT_PREFIX' => ''
    'CONTEXT_DOCUMENT_ROOT' => 'C:/xampp/htdocs'
    'SERVER_ADMIN' => 'postmaster@localhost'
    'SCRIPT_FILENAME' => 'C:/xampp/htdocs/Doa-/basic/web/index.php'
    'REMOTE_PORT' => '49952'
    'GATEWAY_INTERFACE' => 'CGI/1.1'
    'SERVER_PROTOCOL' => 'HTTP/1.1'
    'REQUEST_METHOD' => 'GET'
    'QUERY_STRING' => 'r=site%2Flogin'
    'REQUEST_URI' => '/doa-/basic/web/index.php?r=site%2Flogin'
    'SCRIPT_NAME' => '/doa-/basic/web/index.php'
    'PHP_SELF' => '/doa-/basic/web/index.php'
    'REQUEST_TIME_FLOAT' => 1667237291.5755
    'REQUEST_TIME' => 1667237291
]
